{"meta": {"format": 3, "version": "7.16.1", "timestamp": "2026-09-15T00:47:04.739361", "branch_coverage": true, "show_contexts": false}, "files": {"SteelRailWay\\datasets\\rail_dataset.py": {"executed_lines": [32, 33, 35, 36, 37, 38, 39, 42, 65, 84, 88, 89, 92, 93, 94, 97, 98, 101, 102, 103, 106, 107, 110, 111, 114, 115, 118, 119, 123, 127, 128, 130, 134, 135, 139, 140, 141, 142, 143, 144, 145, 149, 150, 151, 152, 153, 154, 155, 156, 157, 158, 159, 160, 161, 162, 163, 169, 172, 173, 174, 175, 180, 183, 186, 187, 190, 191, 194, 195, 197, 199, 200, 202, 205, 206, 207, 210, 211, 223, 232, 234, 237, 238, 240, 241, 269, 271, 273, 275, 276, 277, 279, 281, 286, 289, 291, 292, 293, 295, 296, 298, 301, 302, 303, 304, 305, 307, 308, 310, 319, 320, 326, 330, 331, 334, 335, 337, 338, 339, 341, 342, 344, 345, 347, 350, 360, 361, 362, 364, 365, 366, 368, 369, 370, 372, 373, 374, 376, 379, 388, 390, 402, 403, 407, 408, 410, 412, 413, 416, 417, 419, 424, 425, 429, 430, 431, 432, 435, 438, 439, 440, 441, 444, 445, 447, 449, 451, 453, 457, 458, 460, 461, 462, 464, 465, 472, 473, 474, 475, 477, 478, 479, 482, 484, 485, 486, 488, 489, 490, 493, 494, 495, 496, 499, 500, 501, 508, 509, 517, 518, 519, 520, 521, 522, 525, 526, 527, 528, 532, 533, 534, 536, 537, 538, 540, 541, 572, 574, 576, 579, 580, 581, 584, 586, 593, 594, 595, 600, 601, 602, 603, 608, 609, 611, 613, 620, 621, 623, 624, 626, 629, 630, 635, 648, 650, 656, 657, 659, 660, 661, 662, 666, 667, 668, 673, 674, 676, 677, 678, 679, 682, 683, 688, 689, 692, 693, 698, 699, 701, 703, 704, 706, 707, 716, 717, 719, 722, 724, 725, 726, 729, 731, 733], "summary": {"covered_lines": 283, "num_statements": 366, "percent_covered": 75.09293680297398, "percent_covered_display": "75.09", "missing_lines": 83, "excluded_lines": 0, "percent_statements_covered": 77.3224043715847, "percent_statements_covered_display": "77.32", "num_branches": 172, "num_partial_branches": 37, "covered_branches": 121, "missing_branches": 51, "percent_branches_covered": 70.34883720930233, "percent_branches_covered_display": "70.35"}, "missing_lines": [120, 124, 129, 131, 136, 146, 198, 201, 244, 245, 246, 247, 248, 249, 250, 251, 252, 253, 254, 255, 256, 258, 259, 260, 261, 262, 264, 265, 266, 267, 280, 282, 327, 328, 340, 348, 367, 377, 404, 420, 421, 422, 423, 442, 450, 467, 468, 469, 470, 523, 530, 543, 544, 545, 546, 549, 550, 551, 552, 555, 556, 557, 560, 561, 562, 564, 565, 566, 567, 577, 583, 596, 597, 605, 606, 625, 637, 638, 645, 680, 681, 685, 720], "excluded_lines": [], "executed_branches": [[88, 89], [88, 92], [93, 94], [93, 97], [97, 98], [97, 101], [102, 103], [102, 106], [106, 107], [106, 110], [110, 111], [110, 114], [114, 115], [114, 118], [118, 119], [118, 123], [119, 123], [123, 127], [127, 128], [127, 134], [128, 130], [130, 134], [135, 139], [139, 140], [139, 143], [141, 142], [141, 149], [143, 144], [145, 149], [186, 187], [186, 190], [190, 191], [190, 194], [194, 195], [194, 205], [197, 199], [200, 202], [232, 234], [232, 237], [240, 241], [273, 275], [273, 326], [279, 281], [281, 286], [292, 293], [292, 319], [295, 296], [295, 298], [302, 303], [302, 310], [304, 305], [304, 307], [319, 320], [319, 388], [326, 330], [337, 338], [337, 360], [338, 339], [338, 360], [339, 341], [347, 350], [364, 365], [364, 388], [365, 366], [365, 388], [366, 368], [376, 379], [403, 407], [407, 408], [407, 410], [412, 413], [412, 435], [413, 416], [413, 429], [419, 424], [441, 444], [447, 449], [447, 457], [449, 451], [465, 472], [473, 474], [473, 477], [477, 478], [500, 501], [500, 508], [517, 518], [517, 532], [518, 519], [522, 525], [525, 526], [527, 528], [576, 579], [580, 581], [595, 600], [601, 602], [608, 609], [608, 611], [620, 621], [620, 623], [624, 626], [629, 630], [629, 635], [635, 648], [656, 657], [656, 659], [660, 661], [660, 662], [666, 667], [666, 673], [673, 674], [673, 676], [676, 677], [676, 679], [679, 682], [682, 683], [688, 689], [717, 719], [717, 731], [719, 722], [724, 725], [724, 726]], "missing_branches": [[119, 120], [123, 124], [128, 129], [130, 131], [135, 136], [143, 149], [145, 146], [197, 198], [200, 201], [240, 244], [247, 248], [247, 249], [250, 251], [250, 252], [254, 255], [254, 256], [261, 262], [261, 267], [279, 280], [281, 282], [326, 327], [339, 340], [347, 348], [366, 367], [376, 377], [403, 404], [419, 420], [441, 442], [449, 450], [465, 467], [477, -390], [518, 517], [522, 523], [525, 517], [527, 530], [550, 551], [550, 552], [556, 557], [556, 560], [561, 562], [561, 564], [576, 577], [580, 583], [595, 596], [601, 605], [624, 625], [635, 637], [679, 680], [682, 685], [688, 692], [719, 720]], "functions": {"RailDualModalDataset.__init__": {"executed_lines": [84, 88, 89, 92, 93, 94, 97, 98, 101, 102, 103, 106, 107, 110, 111, 114, 115, 118, 119, 123, 127, 128, 130, 134, 135, 139, 140, 141, 142, 143, 144, 145, 149, 150, 151, 152, 153, 154, 155, 156, 157, 158, 159, 160, 161, 162, 163, 169, 172, 173, 174, 175, 180, 183, 186, 187, 190, 191, 194, 195, 197, 199, 200, 202, 205, 206, 207, 210, 211], "summary": {"covered_lines": 69, "num_statements": 77, "percent_covered": 86.17886178861788, "percent_covered_display": "86.18", "missing_lines": 8, "excluded_lines": 0, "percent_statements_covered": 89.6103896103896, "percent_statements_covered_display": "89.61", "num_branches": 46, "num_partial_branches": 9, "covered_branches": 37, "missing_branches": 9, "percent_branches_covered": 80.43478260869566, "percent_branches_covered_display": "80.43"}, "missing_lines": [120, 124, 129, 131, 136, 146, 198, 201], "excluded_lines": [], "start_line": 65, "executed_branches": [[88, 89], [88, 92], [93, 94], [93, 97], [97, 98], [97, 101], [102, 103], [102, 106], [106, 107], [106, 110], [110, 111], [110, 114], [114, 115], [114, 118], [118, 119], [118, 123], [119, 123], [123, 127], [127, 128], [127, 134], [128, 130], [130, 134], [135, 139], [139, 140], [139, 143], [141, 142], [141, 149], [143, 144], [145, 149], [186, 187], [186, 190], [190, 191], [190, 194], [194, 195], [194, 205], [197, 199], [200, 202]], "missing_branches": [[119, 120], [123, 124], [128, 129], [130, 131], [135, 136], [143, 149], [145, 146], [197, 198], [200, 201]]}, "RailDualModalDataset._detect_preresized": {"executed_lines": [232, 234, 237, 238, 240, 241], "summary": {"covered_lines": 6, "num_statements": 28, "percent_covered": 22.5, "percent_covered_display": "22.50", "missing_lines": 22, "excluded_lines": 0, "percent_statements_covered": 21.428571428571427, "percent_statements_covered_display": "21.43", "num_branches": 12, "num_partial_branches": 1, "covered_branches": 3, "missing_branches": 9, "percent_branches_covered": 25.0, "percent_branches_covered_display": "25.00"}, "missing_lines": [244, 245, 246, 247, 248, 249, 250, 251, 252, 253, 254, 255, 256, 258, 259, 260, 261, 262, 264, 265, 266, 267], "excluded_lines": [], "start_line": 223, "executed_branches": [[232, 234], [232, 237], [240, 241]], "missing_branches": [[240, 244], [247, 248], [247, 249], [250, 251], [250, 252], [254, 255], [254, 256], [261, 262], [261, 267]]}, "RailDualModalDataset._scan_files": {"executed_lines": [271, 273, 275, 276, 277, 279, 281, 286, 289, 291, 292, 293, 295, 296, 298, 301, 302, 303, 304, 305, 307, 308, 310, 319, 320, 326, 330, 331, 334, 335, 337, 338, 339, 341, 342, 344, 345, 347, 350, 360, 361, 362, 364, 365, 366, 368, 369, 370, 372, 373, 374, 376, 379, 388], "summary": {"covered_lines": 54, "num_statements": 62, "percent_covered": 84.375, "percent_covered_display": "84.38", "missing_lines": 8, "excluded_lines": 0, "percent_statements_covered": 87.09677419354838, "percent_statements_covered_display": "87.10", "num_branches": 34, "num_partial_branches": 7, "covered_branches": 27, "missing_branches": 7, "percent_branches_covered": 79.41176470588235, "percent_branches_covered_display": "79.41"}, "missing_lines": [280, 282, 327, 328, 340, 348, 367, 377], "excluded_lines": [], "start_line": 269, "executed_branches": [[273, 275], [273, 326], [279, 281], [281, 286], [292, 293], [292, 319], [295, 296], [295, 298], [302, 303], [302, 310], [304, 305], [304, 307], [319, 320], [319, 388], [326, 330], [337, 338], [337, 360], [338, 339], [338, 360], [339, 341], [347, 350], [364, 365], [364, 388], [365, 366], [365, 388], [366, 368], [376, 379]], "missing_branches": [[279, 280], [281, 282], [326, 327], [339, 340], [347, 348], [366, 367], [376, 377]]}, "RailDualModalDataset._apply_sampling": {"executed_lines": [402, 403, 407, 408, 410, 412, 413, 416, 417, 419, 424, 425, 429, 430, 431, 432, 435, 438, 439, 440, 441, 444, 445, 447, 449, 451, 453, 457, 458, 460, 461, 462, 464, 465, 472, 473, 474, 475, 477, 478, 479], "summary": {"covered_lines": 41, "num_statements": 52, "percent_covered": 77.02702702702703, "percent_covered_display": "77.03", "missing_lines": 11, "excluded_lines": 0, "percent_statements_covered": 78.84615384615384, "percent_statements_covered_display": "78.85", "num_branches": 22, "num_partial_branches": 6, "covered_branches": 16, "missing_branches": 6, "percent_branches_covered": 72.72727272727273, "percent_branches_covered_display": "72.73"}, "missing_lines": [404, 420, 421, 422, 423, 442, 450, 467, 468, 469, 470], "excluded_lines": [], "start_line": 390, "executed_branches": [[403, 407], [407, 408], [407, 410], [412, 413], [412, 435], [413, 416], [413, 429], [419, 424], [441, 444], [447, 449], [447, 457], [449, 451], [465, 472], [473, 474], [473, 477], [477, 478]], "missing_branches": [[403, 404], [419, 420], [441, 442], [449, 450], [465, 467], [477, -390]]}, "RailDualModalDataset._preload_data": {"executed_lines": [484, 485, 486, 488, 489, 490, 493, 494, 495, 496, 499, 500, 501, 508, 509, 517, 518, 519, 520, 521, 522, 525, 526, 527, 528, 532, 533, 534, 536, 537, 538], "summary": {"covered_lines": 31, "num_statements": 33, "percent_covered": 86.66666666666667, "percent_covered_display": "86.67", "missing_lines": 2, "excluded_lines": 0, "percent_statements_covered": 93.93939393939394, "percent_statements_covered_display": "93.94", "num_branches": 12, "num_partial_branches": 4, "covered_branches": 8, "missing_branches": 4, "percent_branches_covered": 66.66666666666667, "percent_branches_covered_display": "66.67"}, "missing_lines": [523, 530], "excluded_lines": [], "start_line": 482, "executed_branches": [[500, 501], [500, 508], [517, 518], [517, 532], [518, 519], [522, 525], [525, 526], [527, 528]], "missing_branches": [[518, 517], [522, 523], [525, 517], [527, 530]]}, "RailDualModalDataset._load_single_image": {"executed_lines": [], "summary": {"covered_lines": 0, "num_statements": 18, "percent_covered": 0.0, "percent_covered_display": "0.00", "missing_lines": 18, "excluded_lines": 0, "percent_statements_covered": 0.0, "percent_statements_covered_display": "0.00", "num_branches": 6, "num_partial_branches": 0, "covered_branches": 0, "missing_branches": 6, "percent_branches_covered": 0.0, "percent_branches_covered_display": "0.00"}, "missing_lines": [543, 544, 545, 546, 549, 550, 551, 552, 555, 556, 557, 560, 561, 562, 564, 565, 566, 567], "excluded_lines": [], "start_line": 541, "executed_branches": [], "missing_branches": [[550, 551], [550, 552], [556, 557], [556, 560], [561, 562], [561, 564]]}, "RailDualModalDataset._detect_image_size": {"executed_lines": [574, 576, 579, 580, 581, 584], "summary": {"covered_lines": 6, "num_statements": 8, "percent_covered": 66.66666666666667, "percent_covered_display": "66.67", "missing_lines": 2, "excluded_lines": 0, "percent_statements_covered": 75.0, "percent_statements_covered_display": "75.00", "num_branches": 4, "num_partial_branches": 2, "covered_branches": 2, "missing_branches": 2, "percent_branches_covered": 50.0, "percent_branches_covered_display": "50.00"}, "missing_lines": [577, 583], "excluded_lines": [], "start_line": 572, "executed_branches": [[576, 579], [580, 581]], "missing_branches": [[576, 577], [580, 583]]}, "RailDualModalDataset._extract_patch": {"executed_lines": [593, 594, 595, 600, 601, 602, 603, 608, 609, 611], "summary": {"covered_lines": 10, "num_statements": 14, "percent_covered": 70.0, "percent_covered_display": "70.00", "missing_lines": 4, "excluded_lines": 0, "percent_statements_covered": 71.42857142857143, "percent_statements_covered_display": "71.43", "num_branches": 6, "num_partial_branches": 2, "covered_branches": 4, "missing_branches": 2, "percent_branches_covered": 66.66666666666667, "percent_branches_covered_display": "66.67"}, "missing_lines": [596, 597, 605, 606], "excluded_lines": [], "start_line": 586, "executed_branches": [[595, 600], [601, 602], [608, 609], [608, 611]], "missing_branches": [[595, 596], [601, 605]]}, "RailDualModalDataset._load_rgb": {"executed_lines": [620, 621, 623, 624, 626, 629, 630, 635, 648], "summary": {"covered_lines": 9, "num_statements": 13, "percent_covered": 71.42857142857143, "percent_covered_display": "71.43", "missing_lines": 4, "excluded_lines": 0, "percent_statements_covered": 69.23076923076923, "percent_statements_covered_display": "69.23", "num_branches": 8, "num_partial_branches": 2, "covered_branches": 6, "missing_branches": 2, "percent_branches_covered": 75.0, "percent_branches_covered_display": "75.00"}, "missing_lines": [625, 637, 638, 645], "excluded_lines": [], "start_line": 613, "executed_branches": [[620, 621], [620, 623], [624, 626], [629, 630], [629, 635], [635, 648]], "missing_branches": [[624, 625], [635, 637]]}, "RailDualModalDataset._load_depth": {"executed_lines": [656, 657, 659, 660, 661, 662, 666, 667, 668, 673, 674, 676, 677, 678, 679, 682, 683, 688, 689, 692, 693], "summary": {"covered_lines": 21, "num_statements": 24, "percent_covered": 85.0, "percent_covered_display": "85.00", "missing_lines": 3, "excluded_lines": 0, "percent_statements_covered": 87.5, "percent_statements_covered_display": "87.50", "num_branches": 16, "num_partial_branches": 3, "covered_branches": 13, "missing_branches": 3, "percent_branches_covered": 81.25, "percent_branches_covered_display": "81.25"}, "missing_lines": [680, 681, 685], "excluded_lines": [], "start_line": 650, "executed_branches": [[656, 657], [656, 659], [660, 661], [660, 662], [666, 667], [666, 673], [673, 674], [673, 676], [676, 677], [676, 679], [679, 682], [682, 683], [688, 689]], "missing_branches": [[679, 680], [682, 685], [688, 692]]}, "RailDualModalDataset.__len__": {"executed_lines": [699], "summary": {"covered_lines": 1, "num_statements": 1, "percent_covered": 100.0, "percent_covered_display": "100.00", "missing_lines": 0, "excluded_lines": 0, "percent_statements_covered": 100.0, "percent_statements_covered_display": "100.00", "num_branches": 0, "num_partial_branches": 0, "covered_branches": 0, "missing_branches": 0, "percent_branches_covered": 100.0, "percent_branches_covered_display": "100.00"}, "missing_lines": [], "excluded_lines": [], "start_line": 698, "executed_branches": [], "missing_branches": []}, "RailDualModalDataset.__getitem__": {"executed_lines": [703, 704, 706, 707, 716, 717, 719, 722, 724, 725, 726, 729, 731, 733], "summary": {"covered_lines": 14, "num_statements": 15, "percent_covered": 90.47619047619048, "percent_covered_display": "90.48", "missing_lines": 1, "excluded_lines": 0, "percent_statements_covered": 93.33333333333333, "percent_statements_covered_display": "93.33", "num_branches": 6, "num_partial_branches": 1, "covered_branches": 5, "missing_branches": 1, "percent_branches_covered": 83.33333333333333, "percent_branches_covered_display": "83.33"}, "missing_lines": [720], "excluded_lines": [], "start_line": 701, "executed_branches": [[717, 719], [717, 731], [719, 722], [724, 725], [724, 726]], "missing_branches": [[719, 720]]}, "": {"executed_lines": [32, 33, 35, 36, 37, 38, 39, 42, 65, 223, 269, 390, 482, 540, 541, 572, 586, 613, 650, 698, 701], "summary": {"covered_lines": 21, "num_statements": 21, "percent_covered": 100.0, "percent_covered_display": "100.00", "missing_lines": 0, "excluded_lines": 0, "percent_statements_covered": 100.0, "percent_statements_covered_display": "100.00", "num_branches": 0, "num_partial_branches": 0, "covered_branches": 0, "missing_branches": 0, "percent_branches_covered": 100.0, "percent_branches_covered_display": "100.00"}, "missing_lines": [], "excluded_lines": [], "start_line": 1, "executed_branches": [], "missing_branches": []}}, "classes": {"RailDualModalDataset": {"executed_lines": [84, 88, 89, 92, 93, 94, 97, 98, 101, 102, 103, 106, 107, 110, 111, 114, 115, 118, 119, 123, 127, 128, 130, 134, 135, 139, 140, 141, 142, 143, 144, 145, 149, 150, 151, 152, 153, 154, 155, 156, 157, 158, 159, 160, 161, 162, 163, 169, 172, 173, 174, 175, 180, 183, 186, 187, 190, 191, 194, 195, 197, 199, 200, 202, 205, 206, 207, 210, 211, 232, 234, 237, 238, 240, 241, 271, 273, 275, 276, 277, 279, 281, 286, 289, 291, 292, 293, 295, 296, 298, 301, 302, 303, 304, 305, 307, 308, 310, 319, 320, 326, 330, 331, 334, 335, 337, 338, 339, 341, 342, 344, 345, 347, 350, 360, 361, 362, 364, 365, 366, 368, 369, 370, 372, 373, 374, 376, 379, 388, 402, 403, 407, 408, 410, 412, 413, 416, 417, 419, 424, 425, 429, 430, 431, 432, 435, 438, 439, 440, 441, 444, 445, 447, 449, 451, 453, 457, 458, 460, 461, 462, 464, 465, 472, 473, 474, 475, 477, 478, 479, 484, 485, 486, 488, 489, 490, 493, 494, 495, 496, 499, 500, 501, 508, 509, 517, 518, 519, 520, 521, 522, 525, 526, 527, 528, 532, 533, 534, 536, 537, 538, 574, 576, 579, 580, 581, 584, 593, 594, 595, 600, 601, 602, 603, 608, 609, 611, 620, 621, 623, 624, 626, 629, 630, 635, 648, 656, 657, 659, 660, 661, 662, 666, 667, 668, 673, 674, 676, 677, 678, 679, 682, 683, 688, 689, 692, 693, 699, 703, 704, 706, 707, 716, 717, 719, 722, 724, 725, 726, 729, 731, 733], "summary": {"covered_lines": 262, "num_statements": 345, "percent_covered": 74.08123791102514, "percent_covered_display": "74.08", "missing_lines": 83, "excluded_lines": 0, "percent_statements_covered": 75.94202898550725, "percent_statements_covered_display": "75.94", "num_branches": 172, "num_partial_branches": 37, "covered_branches": 121, "missing_branches": 51, "percent_branches_covered": 70.34883720930233, "percent_branches_covered_display": "70.35"}, "missing_lines": [120, 124, 129, 131, 136, 146, 198, 201, 244, 245, 246, 247, 248, 249, 250, 251, 252, 253, 254, 255, 256, 258, 259, 260, 261, 262, 264, 265, 266, 267, 280, 282, 327, 328, 340, 348, 367, 377, 404, 420, 421, 422, 423, 442, 450, 467, 468, 469, 470, 523, 530, 543, 544, 545, 546, 549, 550, 551, 552, 555, 556, 557, 560, 561, 562, 564, 565, 566, 567, 577, 583, 596, 597, 605, 606, 625, 637, 638, 645, 680, 681, 685, 720], "excluded_lines": [], "start_line": 42, "executed_branches": [[88, 89], [88, 92], [93, 94], [93, 97], [97, 98], [97, 101], [102, 103], [102, 106], [106, 107], [106, 110], [110, 111], [110, 114], [114, 115], [114, 118], [118, 119], [118, 123], [119, 123], [123, 127], [127, 128], [127, 134], [128, 130], [130, 134], [135, 139], [139, 140], [139, 143], [141, 142], [141, 149], [143, 144], [145, 149], [186, 187], [186, 190], [190, 191], [190, 194], [194, 195], [194, 205], [197, 199], [200, 202], [232, 234], [232, 237], [240, 241], [273, 275], [273, 326], [279, 281], [281, 286], [292, 293], [292, 319], [295, 296], [295, 298], [302, 303], [302, 310], [304, 305], [304, 307], [319, 320], [319, 388], [326, 330], [337, 338], [337, 360], [338, 339], [338, 360], [339, 341], [347, 350], [364, 365], [364, 388], [365, 366], [365, 388], [366, 368], [376, 379], [403, 407], [407, 408], [407, 410], [412, 413], [412, 435], [413, 416], [413, 429], [419, 424], [441, 444], [447, 449], [447, 457], [449, 451], [465, 472], [473, 474], [473, 477], [477, 478], [500, 501], [500, 508], [517, 518], [517, 532], [518, 519], [522, 525], [525, 526], [527, 528], [576, 579], [580, 581], [595, 600], [601, 602], [608, 609], [608, 611], [620, 621], [620, 623], [624, 626], [629, 630], [629, 635], [635, 648], [656, 657], [656, 659], [660, 661], [660, 662], [666, 667], [666, 673], [673, 674], [673, 676], [676, 677], [676, 679], [679, 682], [682, 683], [688, 689], [717, 719], [717, 731], [719, 722], [724, 725], [724, 726]], "missing_branches": [[119, 120], [123, 124], [128, 129], [130, 131], [135, 136], [143, 149], [145, 146], [197, 198], [200, 201], [240, 244], [247, 248], [247, 249], [250, 251], [250, 252], [254, 255], [254, 256], [261, 262], [261, 267], [279, 280], [281, 282], [326, 327], [339, 340], [347, 348], [366, 367], [376, 377], [403, 404], [419, 420], [441, 442], [449, 450], [465, 467], [477, -390], [518, 517], [522, 523], [525, 517], [527, 530], [550, 551], [550, 552], [556, 557], [556, 560], [561, 562], [561, 564], [576, 577], [580, 583], [595, 596], [601, 605], [624, 625], [635, 637], [679, 680], [682, 685], [688, 692], [719, 720]]}, "": {"executed_lines": [32, 33, 35, 36, 37, 38, 39, 42, 65, 223, 269, 390, 482, 540, 541, 572, 586, 613, 650, 698, 701], "summary": {"covered_lines": 21, "num_statements": 21, "percent_covered": 100.0, "percent_covered_display": "100.00", "missing_lines": 0, "excluded_lines": 0, "percent_statements_covered": 100.0, "percent_statements_covered_display": "100.00", "num_branches": 0, "num_partial_branches": 0, "covered_branches": 0, "missing_branches": 0, "percent_branches_covered": 100.0, "percent_branches_covered_display": "100.00"}, "missing_lines": [], "excluded_lines": [], "start_line": 1, "executed_branches": [], "missing_branches": []}}}, "SteelRailWay\\eval\\metrics_engineering.py": {"executed_lines": [7, 8, 10, 11, 12, 15, 17, 18, 19, 20, 23, 31, 32, 33, 34, 35, 36, 37, 38, 39, 40, 41, 43, 44, 45, 46, 48, 49, 52, 54, 55, 59, 63, 64, 65, 66, 67, 68, 69], "summary": {"covered_lines": 39, "num_statements": 42, "percent_covered": 89.65517241379311, "percent_covered_display": "89.66", "missing_lines": 3, "excluded_lines": 0, "percent_statements_covered": 92.85714285714286, "percent_statements_covered_display": "92.86", "num_branches": 16, "num_partial_branches": 3, "covered_branches": 13, "missing_branches": 3, "percent_branches_covered": 81.25, "percent_branches_covered_display": "81.25"}, "missing_lines": [42, 47, 56], "excluded_lines": [], "executed_branches": [[32, 33], [32, 34], [34, 35], [34, 36], [39, 40], [39, 41], [41, 43], [44, 45], [44, 46], [46, 48], [54, 55], [67, 68], [67, 69]], "missing_branches": [[41, 42], [46, 47], [54, 56]], "functions": {"count_trainable_params": {"executed_lines": [17, 18, 19, 20], "summary": {"covered_lines": 4, "num_statements": 4, "percent_covered": 100.0, "percent_covered_display": "100.00", "missing_lines": 0, "excluded_lines": 0, "percent_statements_covered": 100.0, "percent_statements_covered_display": "100.00", "num_branches": 0, "num_partial_branches": 0, "covered_branches": 0, "missing_branches": 0, "percent_branches_covered": 100.0, "percent_branches_covered_display": "100.00"}, "missing_lines": [], "excluded_lines": [], "start_line": 15, "executed_branches": [], "missing_branches": []}, "measure_inference_latency": {"executed_lines": [31, 32, 33, 34, 35, 36, 37, 38, 39, 40, 41, 43, 44, 45, 46, 48, 49], "summary": {"covered_lines": 17, "num_statements": 19, "percent_covered": 87.09677419354838, "percent_covered_display": "87.10", "missing_lines": 2, "excluded_lines": 0, "percent_statements_covered": 89.47368421052632, "percent_statements_covered_display": "89.47", "num_branches": 12, "num_partial_branches": 2, "covered_branches": 10, "missing_branches": 2, "percent_branches_covered": 83.33333333333333, "percent_branches_covered_display": "83.33"}, "missing_lines": [42, 47], "excluded_lines": [], "start_line": 23, "executed_branches": [[32, 33], [32, 34], [34, 35], [34, 36], [39, 40], [39, 41], [41, 43], [44, 45], [44, 46], [46, 48]], "missing_branches": [[41, 42], [46, 47]]}, "measure_peak_gpu_memory": {"executed_lines": [54, 55], "summary": {"covered_lines": 2, "num_statements": 3, "percent_covered": 60.0, "percent_covered_display": "60.00", "missing_lines": 1, "excluded_lines": 0, "percent_statements_covered": 66.66666666666667, "percent_statements_covered_display": "66.67", "num_branches": 2, "num_partial_branches": 1, "covered_branches": 1, "missing_branches": 1, "percent_branches_covered": 50.0, "percent_branches_covered_display": "50.00"}, "missing_lines": [56], "excluded_lines": [], "start_line": 52, "executed_branches": [[54, 55]], "missing_branches": [[54, 56]]}, "compute_fp_per_image": {"executed_lines": [63, 64, 65, 66, 67, 68, 69], "summary": {"covered_lines": 7, "num_statements": 7, "percent_covered": 100.0, "percent_covered_display": "100.00", "missing_lines": 0, "excluded_lines": 0, "percent_statements_covered": 100.0, "percent_statements_covered_display": "100.00", "num_branches": 2, "num_partial_branches": 0, "covered_branches": 2, "missing_branches": 0, "percent_branches_covered": 100.0, "percent_branches_covered_display": "100.00"}, "missing_lines": [], "excluded_lines": [], "start_line": 59, "executed_branches": [[67, 68], [67, 69]], "missing_branches": []}, "": {"executed_lines": [7, 8, 10, 11, 12, 15, 23, 52, 59], "summary": {"covered_lines": 9, "num_statements": 9, "percent_covered": 100.0, "percent_covered_display": "100.00", "missing_lines": 0, "excluded_lines": 0, "percent_statements_covered": 100.0, "percent_statements_covered_display": "100.00", "num_branches": 0, "num_partial_branches": 0, "covered_branches": 0, "missing_branches": 0, "percent_branches_covered": 100.0, "percent_branches_covered_display": "100.00"}, "missing_lines": [], "excluded_lines": [], "start_line": 1, "executed_branches": [], "missing_branches": []}}, "classes": {"": {"executed_lines": [7, 8, 10, 11, 12, 15, 17, 18, 19, 20, 23, 31, 32, 33, 34, 35, 36, 37, 38, 39, 40, 41, 43, 44, 45, 46, 48, 49, 52, 54, 55, 59, 63, 64, 65, 66, 67, 68, 69], "summary": {"covered_lines": 39, "num_statements": 42, "percent_covered": 89.65517241379311, "percent_covered_display": "89.66", "missing_lines": 3, "excluded_lines": 0, "percent_statements_covered": 92.85714285714286, "percent_statements_covered_display": "92.86", "num_branches": 16, "num_partial_branches": 3, "covered_branches": 13, "missing_branches": 3, "percent_branches_covered": 81.25, "percent_branches_covered_display": "81.25"}, "missing_lines": [42, 47, 56], "excluded_lines": [], "start_line": 1, "executed_branches": [[32, 33], [32, 34], [34, 35], [34, 36], [39, 40], [39, 41], [41, 43], [44, 45], [44, 46], [46, 48], [54, 55], [67, 68], [67, 69]], "missing_branches": [[41, 42], [46, 47], [54, 56]]}}}, "SteelRailWay\\utils\\losses.py": {"executed_lines": [21, 22, 25, 32, 33, 35, 36, 37, 38, 39, 41, 44, 51, 54, 55, 56, 58, 61, 63, 66, 73, 76, 77, 78, 79, 80, 81, 83, 86, 95, 96, 98, 99, 102, 106, 111, 113, 114, 118, 119, 120, 123, 126, 128, 131, 140, 141, 142, 143, 145, 146, 153, 154, 155, 156, 157, 158, 164, 167, 169, 170, 171, 172, 173, 174, 177, 180, 182, 183, 184, 185, 186, 187, 188, 189, 192], "summary": {"covered_lines": 76, "num_statements": 78, "percent_covered": 96.15384615384616, "percent_covered_display": "96.15", "missing_lines": 2, "excluded_lines": 0, "percent_statements_covered": 97.43589743589743, "percent_statements_covered_display": "97.44", "num_branches": 26, "num_partial_branches": 2, "covered_branches": 24, "missing_branches": 2, "percent_branches_covered": 92.3076923076923, "percent_branches_covered_display": "92.31"}, "missing_lines": [52, 74], "excluded_lines": [], "executed_branches": [[32, 33], [32, 35], [37, 38], [37, 41], [51, 54], [56, 58], [56, 63], [73, 76], [78, 79], [78, 83], [95, 96], [95, 98], [111, 113], [111, 128], [118, 119], [118, 123], [145, 146], [145, 153], [157, 158], [157, 164], [173, 174], [173, 177], [188, 189], [188, 192]], "missing_branches": [[51, 52], [73, 74]], "functions": {"loss_l2": {"executed_lines": [32, 33, 35, 36, 37, 38, 39, 41], "summary": {"covered_lines": 8, "num_statements": 8, "percent_covered": 100.0, "percent_covered_display": "100.00", "missing_lines": 0, "excluded_lines": 0, "percent_statements_covered": 100.0, "percent_statements_covered_display": "100.00", "num_branches": 4, "num_partial_branches": 0, "covered_branches": 4, "missing_branches": 0, "percent_branches_covered": 100.0, "percent_branches_covered_display": "100.00"}, "missing_lines": [], "excluded_lines": [], "start_line": 25, "executed_branches": [[32, 33], [32, 35], [37, 38], [37, 41]], "missing_branches": []}, "loss_distil": {"executed_lines": [51, 54, 55, 56, 58, 61, 63], "summary": {"covered_lines": 7, "num_statements": 8, "percent_covered": 83.33333333333333, "percent_covered_display": "83.33", "missing_lines": 1, "excluded_lines": 0, "percent_statements_covered": 87.5, "percent_statements_covered_display": "87.50", "num_branches": 4, "num_partial_branches": 1, "covered_branches": 3, "missing_branches": 1, "percent_branches_covered": 75.0, "percent_branches_covered_display": "75.00"}, "missing_lines": [52], "excluded_lines": [], "start_line": 44, "executed_branches": [[51, 54], [56, 58], [56, 63]], "missing_branches": [[51, 52]]}, "loss_distil_p": {"executed_lines": [73, 76, 77, 78, 79, 80, 81, 83], "summary": {"covered_lines": 8, "num_statements": 9, "percent_covered": 84.61538461538461, "percent_covered_display": "84.62", "missing_lines": 1, "excluded_lines": 0, "percent_statements_covered": 88.88888888888889, "percent_statements_covered_display": "88.89", "num_branches": 4, "num_partial_branches": 1, "covered_branches": 3, "missing_branches": 1, "percent_branches_covered": 75.0, "percent_branches_covered_display": "75.00"}, "missing_lines": [74], "excluded_lines": [], "start_line": 66, "executed_branches": [[73, 76], [78, 79], [78, 83]], "missing_branches": [[73, 74]]}, "loss_distil_pixel": {"executed_lines": [95, 96, 98, 99, 102, 106, 111, 113, 114, 118, 119, 120, 123, 126, 128], "summary": {"covered_lines": 15, "num_statements": 15, "percent_covered": 100.0, "percent_covered_display": "100.00", "missing_lines": 0, "excluded_lines": 0, "percent_statements_covered": 100.0, "percent_statements_covered_display": "100.00", "num_branches": 6, "num_partial_branches": 0, "covered_branches": 6, "missing_branches": 0, "percent_branches_covered": 100.0, "percent_branches_covered_display": "100.00"}, "missing_lines": [], "excluded_lines": [], "start_line": 86, "executed_branches": [[95, 96], [95, 98], [111, 113], [111, 128], [118, 119], [118, 123]], "missing_branches": []}, "calculate_pixel_similarity": {"executed_lines": [140, 141, 142, 143, 145, 146, 153, 154, 155, 156, 157, 158, 164], "summary": {"covered_lines": 13, "num_statements": 13, "percent_covered": 100.0, "percent_covered_display": "100.00", "missing_lines": 0, "excluded_lines": 0, "percent_statements_covered": 100.0, "percent_statements_covered_display": "100.00", "num_branches": 4, "num_partial_branches": 0, "covered_branches": 4, "missing_branches": 0, "percent_branches_covered": 100.0, "percent_branches_covered_display": "100.00"}, "missing_lines": [], "excluded_lines": [], "start_line": 131, "executed_branches": [[145, 146], [145, 153], [157, 158], [157, 164]], "missing_branches": []}, "calculate_pixel_similarity_f": {"executed_lines": [169, 170, 171, 172, 173, 174, 177], "summary": {"covered_lines": 7, "num_statements": 7, "percent_covered": 100.0, "percent_covered_display": "100.00", "missing_lines": 0, "excluded_lines": 0, "percent_statements_covered": 100.0, "percent_statements_covered_display": "100.00", "num_branches": 2, "num_partial_branches": 0, "covered_branches": 2, "missing_branches": 0, "percent_branches_covered": 100.0, "percent_branches_covered_display": "100.00"}, "missing_lines": [], "excluded_lines": [], "start_line": 167, "executed_branches": [[173, 174], [173, 177]], "missing_branches": []}, "calculate_pixel_similarity_f_2": {"executed_lines": [182, 183, 184, 185, 186, 187, 188, 189, 192], "summary": {"covered_lines": 9, "num_statements": 9, "percent_covered": 100.0, "percent_covered_display": "100.00", "missing_lines": 0, "excluded_lines": 0, "percent_statements_covered": 100.0, "percent_statements_covered_display": "100.00", "num_branches": 2, "num_partial_branches": 0, "covered_branches": 2, "missing_branches": 0, "percent_branches_covered": 100.0, "percent_branches_covered_display": "100.00"}, "missing_lines": [], "excluded_lines": [], "start_line": 180, "executed_branches": [[188, 189], [188, 192]], "missing_branches": []}, "": {"executed_lines": [21, 22, 25, 44, 66, 86, 131, 167, 180], "summary": {"covered_lines": 9, "num_statements": 9, "percent_covered": 100.0, "percent_covered_display": "100.00", "missing_lines": 0, "excluded_lines": 0, "percent_statements_covered": 100.0, "percent_statements_covered_display": "100.00", "num_branches": 0, "num_partial_branches": 0, "covered_branches": 0, "missing_branches": 0, "percent_branches_covered": 100.0, "percent_branches_covered_display": "100.00"}, "missing_lines": [], "excluded_lines": [], "start_line": 1, "executed_branches": [], "missing_branches": []}}, "classes": {"": {"executed_lines": [21, 22, 25, 32, 33, 35, 36, 37, 38, 39, 41, 44, 51, 54, 55, 56, 58, 61, 63, 66, 73, 76, 77, 78, 79, 80, 81, 83, 86, 95, 96, 98, 99, 102, 106, 111, 113, 114, 118, 119, 120, 123, 126, 128, 131, 140, 141, 142, 143, 145, 146, 153, 154, 155, 156, 157, 158, 164, 167, 169, 170, 171, 172, 173, 174, 177, 180, 182, 183, 184, 185, 186, 187, 188, 189, 192], "summary": {"covered_lines": 76, "num_statements": 78, "percent_covered": 96.15384615384616, "percent_covered_display": "96.15", "missing_lines": 2, "excluded_lines": 0, "percent_statements_covered": 97.43589743589743, "percent_statements_covered_display": "97.44", "num_branches": 26, "num_partial_branches": 2, "covered_branches": 24, "missing_branches": 2, "percent_branches_covered": 92.3076923076923, "percent_branches_covered_display": "92.31"}, "missing_lines": [52, 74], "excluded_lines": [], "start_line": 1, "executed_branches": [[32, 33], [32, 35], [37, 38], [37, 41], [51, 54], [56, 58], [56, 63], [73, 76], [78, 79], [78, 83], [95, 96], [95, 98], [111, 113], [111, 128], [118, 119], [118, 123], [145, 146], [145, 153], [157, 158], [157, 164], [173, 174], [173, 177], [188, 189], [188, 192]], "missing_branches": [[51, 52], [73, 74]]}}}}, "totals": {"covered_lines": 398, "num_statements": 486, "percent_covered": 79.42857142857143, "percent_covered_display": "79.43", "missing_lines": 88, "excluded_lines": 0, "percent_statements_covered": 81.89300411522633, "percent_statements_covered_display": "81.89", "num_branches": 214, "num_partial_branches": 42, "covered_branches": 158, "missing_branches": 56, "percent_branches_covered": 73.83177570093459, "percent_branches_covered_display": "73.83"}}