{"meta": {"format": 3, "version": "7.16.1", "timestamp": "2026-09-15T12:20:47.544008", "branch_coverage": true, "show_contexts": false}, "files": {"SteelRailWay\\datasets\\rail_dataset.py": {"executed_lines": [32, 33, 35, 36, 37, 38, 39, 42, 65, 84, 85, 86, 87, 88, 89, 90, 91, 92, 93, 94, 95, 96, 97, 98, 99, 105, 108, 109, 110, 111, 116, 119, 122, 123, 126, 127, 130, 131, 132, 133, 136, 137, 138, 141, 142, 154, 163, 165, 168, 169, 171, 172, 200, 202, 204, 206, 207, 208, 210, 211, 212, 217, 220, 222, 223, 224, 226, 229, 232, 233, 241, 250, 257, 261, 262, 265, 266, 268, 269, 291, 292, 293, 295, 296, 297, 299, 300, 301, 303, 304, 305, 307, 310, 319, 321, 333, 334, 338, 339, 341, 343, 344, 347, 348, 350, 355, 356, 360, 361, 362, 363, 366, 369, 370, 371, 372, 375, 376, 378, 380, 382, 384, 413, 415, 416, 417, 419, 420, 421, 424, 425, 426, 427, 430, 431, 432, 439, 440, 448, 449, 450, 451, 452, 453, 456, 457, 458, 459, 463, 464, 465, 467, 468, 469, 471, 472, 503, 505, 507, 510, 511, 512, 515, 517, 524, 525, 526, 531, 532, 533, 534, 539, 540, 542, 544, 551, 552, 554, 555, 557, 560, 561, 566, 579, 581, 587, 588, 590, 591, 595, 596, 599, 600, 601, 602, 604, 605, 606, 607, 608, 609, 612, 613, 618, 619, 622, 623, 628, 629, 631, 633, 634, 636, 637, 646, 647, 649, 652, 654, 655, 656, 659, 661, 663], "summary": {"covered_lines": 224, "num_statements": 327, "percent_covered": 65.29284164859003, "percent_covered_display": "65.29", "missing_lines": 103, "excluded_lines": 0, "percent_statements_covered": 68.50152905198777, "percent_statements_covered_display": "68.50", "num_branches": 134, "num_partial_branches": 31, "covered_branches": 77, "missing_branches": 57, "percent_branches_covered": 57.46268656716418, "percent_branches_covered_display": "57.46"}, "missing_lines": [175, 176, 177, 178, 179, 180, 181, 182, 183, 184, 185, 186, 187, 189, 190, 191, 192, 193, 195, 196, 197, 198, 213, 227, 234, 235, 236, 238, 239, 251, 258, 259, 270, 271, 272, 273, 275, 276, 278, 279, 281, 298, 308, 335, 351, 352, 353, 354, 373, 381, 388, 389, 391, 392, 393, 395, 396, 398, 399, 400, 401, 403, 404, 405, 406, 408, 409, 410, 454, 461, 474, 475, 476, 477, 480, 481, 482, 483, 486, 487, 488, 491, 492, 493, 495, 496, 497, 498, 508, 514, 527, 528, 536, 537, 556, 568, 569, 576, 592, 610, 611, 615, 650], "excluded_lines": [], "executed_branches": [[122, 123], [122, 126], [126, 127], [126, 130], [130, 131], [130, 136], [163, 165], [163, 168], [171, 172], [204, 206], [204, 257], [210, 211], [210, 212], [212, 217], [223, 224], [223, 250], [226, 229], [233, 241], [250, 319], [257, 261], [268, 269], [268, 291], [269, 291], [295, 296], [295, 319], [296, 297], [296, 319], [297, 299], [307, 310], [334, 338], [338, 339], [338, 341], [343, 344], [343, 366], [344, 347], [344, 360], [350, 355], [372, 375], [378, 380], [380, 382], [431, 432], [431, 439], [448, 449], [448, 463], [449, 450], [453, 456], [456, 457], [458, 459], [507, 510], [511, 512], [526, 531], [532, 533], [539, 540], [539, 542], [551, 552], [551, 554], [555, 557], [560, 561], [560, 566], [566, 579], [587, 588], [587, 590], [591, 595], [595, 596], [595, 599], [599, 600], [599, 609], [600, 601], [600, 604], [605, 606], [609, 612], [612, 613], [618, 619], [647, 649], [647, 661], [649, 652], [654, 655]], "missing_branches": [[171, 175], [178, 179], [178, 180], [181, 182], [181, 183], [185, 186], [185, 187], [192, 193], [192, 198], [212, 213], [226, 227], [233, 234], [235, 236], [235, 238], [250, 251], [257, 258], [269, 270], [270, 271], [270, 272], [278, 279], [278, 281], [297, 298], [307, 308], [334, 335], [350, 351], [372, 373], [378, 388], [380, 381], [396, 398], [396, 403], [404, 405], [404, 408], [408, -321], [408, 409], [449, 448], [453, 454], [456, 448], [458, 461], [481, 482], [481, 483], [487, 488], [487, 491], [492, 493], [492, 495], [507, 508], [511, 514], [526, 527], [532, 536], [555, 556], [566, 568], [591, 592], [605, 618], [609, 610], [612, 615], [618, 622], [649, 650], [654, 656]], "functions": {"RailDualModalDataset.__init__": {"executed_lines": [84, 85, 86, 87, 88, 89, 90, 91, 92, 93, 94, 95, 96, 97, 98, 99, 105, 108, 109, 110, 111, 116, 119, 122, 123, 126, 127, 130, 131, 132, 133, 136, 137, 138, 141, 142], "summary": {"covered_lines": 36, "num_statements": 36, "percent_covered": 100.0, "percent_covered_display": "100.00", "missing_lines": 0, "excluded_lines": 0, "percent_statements_covered": 100.0, "percent_statements_covered_display": "100.00", "num_branches": 6, "num_partial_branches": 0, "covered_branches": 6, "missing_branches": 0, "percent_branches_covered": 100.0, "percent_branches_covered_display": "100.00"}, "missing_lines": [], "excluded_lines": [], "start_line": 65, "executed_branches": [[122, 123], [122, 126], [126, 127], [126, 130], [130, 131], [130, 136]], "missing_branches": []}, "RailDualModalDataset._detect_preresized": {"executed_lines": [163, 165, 168, 169, 171, 172], "summary": {"covered_lines": 6, "num_statements": 28, "percent_covered": 22.5, "percent_covered_display": "22.50", "missing_lines": 22, "excluded_lines": 0, "percent_statements_covered": 21.428571428571427, "percent_statements_covered_display": "21.43", "num_branches": 12, "num_partial_branches": 1, "covered_branches": 3, "missing_branches": 9, "percent_branches_covered": 25.0, "percent_branches_covered_display": "25.00"}, "missing_lines": [175, 176, 177, 178, 179, 180, 181, 182, 183, 184, 185, 186, 187, 189, 190, 191, 192, 193, 195, 196, 197, 198], "excluded_lines": [], "start_line": 154, "executed_branches": [[163, 165], [163, 168], [171, 172]], "missing_branches": [[171, 175], [178, 179], [178, 180], [181, 182], [181, 183], [185, 186], [185, 187], [192, 193], [192, 198]]}, "RailDualModalDataset._scan_files": {"executed_lines": [202, 204, 206, 207, 208, 210, 211, 212, 217, 220, 222, 223, 224, 226, 229, 232, 233, 241, 250, 257, 261, 262, 265, 266, 268, 269, 291, 292, 293, 295, 296, 297, 299, 300, 301, 303, 304, 305, 307, 310, 319], "summary": {"covered_lines": 41, "num_statements": 62, "percent_covered": 63.541666666666664, "percent_covered_display": "63.54", "missing_lines": 21, "excluded_lines": 0, "percent_statements_covered": 66.12903225806451, "percent_statements_covered_display": "66.13", "num_branches": 34, "num_partial_branches": 8, "covered_branches": 20, "missing_branches": 14, "percent_branches_covered": 58.8235294117647, "percent_branches_covered_display": "58.82"}, "missing_lines": [213, 227, 234, 235, 236, 238, 239, 251, 258, 259, 270, 271, 272, 273, 275, 276, 278, 279, 281, 298, 308], "excluded_lines": [], "start_line": 200, "executed_branches": [[204, 206], [204, 257], [210, 211], [210, 212], [212, 217], [223, 224], [223, 250], [226, 229], [233, 241], [250, 319], [257, 261], [268, 269], [268, 291], [269, 291], [295, 296], [295, 319], [296, 297], [296, 319], [297, 299], [307, 310]], "missing_branches": [[212, 213], [226, 227], [233, 234], [235, 236], [235, 238], [250, 251], [257, 258], [269, 270], [270, 271], [270, 272], [278, 279], [278, 281], [297, 298], [307, 308]]}, "RailDualModalDataset._apply_sampling": {"executed_lines": [333, 334, 338, 339, 341, 343, 344, 347, 348, 350, 355, 356, 360, 361, 362, 363, 366, 369, 370, 371, 372, 375, 376, 378, 380, 382, 384], "summary": {"covered_lines": 27, "num_statements": 52, "percent_covered": 51.351351351351354, "percent_covered_display": "51.35", "missing_lines": 25, "excluded_lines": 0, "percent_statements_covered": 51.92307692307692, "percent_statements_covered_display": "51.92", "num_branches": 22, "num_partial_branches": 5, "covered_branches": 11, "missing_branches": 11, "percent_branches_covered": 50.0, "percent_branches_covered_display": "50.00"}, "missing_lines": [335, 351, 352, 353, 354, 373, 381, 388, 389, 391, 392, 393, 395, 396, 398, 399, 400, 401, 403, 404, 405, 406, 408, 409, 410], "excluded_lines": [], "start_line": 321, "executed_branches": [[334, 338], [338, 339], [338, 341], [343, 344], [343, 366], [344, 347], [344, 360], [350, 355], [372, 375], [378, 380], [380, 382]], "missing_branches": [[334, 335], [350, 351], [372, 373], [378, 388], [380, 381], [396, 398], [396, 403], [404, 405], [404, 408], [408, -321], [408, 409]]}, "RailDualModalDataset._preload_data": {"executed_lines": [415, 416, 417, 419, 420, 421, 424, 425, 426, 427, 430, 431, 432, 439, 440, 448, 449, 450, 451, 452, 453, 456, 457, 458, 459, 463, 464, 465, 467, 468, 469], "summary": {"covered_lines": 31, "num_statements": 33, "percent_covered": 86.66666666666667, "percent_covered_display": "86.67", "missing_lines": 2, "excluded_lines": 0, "percent_statements_covered": 93.93939393939394, "percent_statements_covered_display": "93.94", "num_branches": 12, "num_partial_branches": 4, "covered_branches": 8, "missing_branches": 4, "percent_branches_covered": 66.66666666666667, "percent_branches_covered_display": "66.67"}, "missing_lines": [454, 461], "excluded_lines": [], "start_line": 413, "executed_branches": [[431, 432], [431, 439], [448, 449], [448, 463], [449, 450], [453, 456], [456, 457], [458, 459]], "missing_branches": [[449, 448], [453, 454], [456, 448], [458, 461]]}, "RailDualModalDataset._load_single_image": {"executed_lines": [], "summary": {"covered_lines": 0, "num_statements": 18, "percent_covered": 0.0, "percent_covered_display": "0.00", "missing_lines": 18, "excluded_lines": 0, "percent_statements_covered": 0.0, "percent_statements_covered_display": "0.00", "num_branches": 6, "num_partial_branches": 0, "covered_branches": 0, "missing_branches": 6, "percent_branches_covered": 0.0, "percent_branches_covered_display": "0.00"}, "missing_lines": [474, 475, 476, 477, 480, 481, 482, 483, 486, 487, 488, 491, 492, 493, 495, 496, 497, 498], "excluded_lines": [], "start_line": 472, "executed_branches": [], "missing_branches": [[481, 482], [481, 483], [487, 488], [487, 491], [492, 493], [492, 495]]}, "RailDualModalDataset._detect_image_size": {"executed_lines": [505, 507, 510, 511, 512, 515], "summary": {"covered_lines": 6, "num_statements": 8, "percent_covered": 66.66666666666667, "percent_covered_display": "66.67", "missing_lines": 2, "excluded_lines": 0, "percent_statements_covered": 75.0, "percent_statements_covered_display": "75.00", "num_branches": 4, "num_partial_branches": 2, "covered_branches": 2, "missing_branches": 2, "percent_branches_covered": 50.0, "percent_branches_covered_display": "50.00"}, "missing_lines": [508, 514], "excluded_lines": [], "start_line": 503, "executed_branches": [[507, 510], [511, 512]], "missing_branches": [[507, 508], [511, 514]]}, "RailDualModalDataset._extract_patch": {"executed_lines": [524, 525, 526, 531, 532, 533, 534, 539, 540, 542], "summary": {"covered_lines": 10, "num_statements": 14, "percent_covered": 70.0, "percent_covered_display": "70.00", "missing_lines": 4, "excluded_lines": 0, "percent_statements_covered": 71.42857142857143, "percent_statements_covered_display": "71.43", "num_branches": 6, "num_partial_branches": 2, "covered_branches": 4, "missing_branches": 2, "percent_branches_covered": 66.66666666666667, "percent_branches_covered_display": "66.67"}, "missing_lines": [527, 528, 536, 537], "excluded_lines": [], "start_line": 517, "executed_branches": [[526, 531], [532, 533], [539, 540], [539, 542]], "missing_branches": [[526, 527], [532, 536]]}, "RailDualModalDataset._load_rgb": {"executed_lines": [551, 552, 554, 555, 557, 560, 561, 566, 579], "summary": {"covered_lines": 9, "num_statements": 13, "percent_covered": 71.42857142857143, "percent_covered_display": "71.43", "missing_lines": 4, "excluded_lines": 0, "percent_statements_covered": 69.23076923076923, "percent_statements_covered_display": "69.23", "num_branches": 8, "num_partial_branches": 2, "covered_branches": 6, "missing_branches": 2, "percent_branches_covered": 75.0, "percent_branches_covered_display": "75.00"}, "missing_lines": [556, 568, 569, 576], "excluded_lines": [], "start_line": 544, "executed_branches": [[551, 552], [551, 554], [555, 557], [560, 561], [560, 566], [566, 579]], "missing_branches": [[555, 556], [566, 568]]}, "RailDualModalDataset._load_depth": {"executed_lines": [587, 588, 590, 591, 595, 596, 599, 600, 601, 602, 604, 605, 606, 607, 608, 609, 612, 613, 618, 619, 622, 623], "summary": {"covered_lines": 22, "num_statements": 26, "percent_covered": 79.54545454545455, "percent_covered_display": "79.55", "missing_lines": 4, "excluded_lines": 0, "percent_statements_covered": 84.61538461538461, "percent_statements_covered_display": "84.62", "num_branches": 18, "num_partial_branches": 5, "covered_branches": 13, "missing_branches": 5, "percent_branches_covered": 72.22222222222223, "percent_branches_covered_display": "72.22"}, "missing_lines": [592, 610, 611, 615], "excluded_lines": [], "start_line": 581, "executed_branches": [[587, 588], [587, 590], [591, 595], [595, 596], [595, 599], [599, 600], [599, 609], [600, 601], [600, 604], [605, 606], [609, 612], [612, 613], [618, 619]], "missing_branches": [[591, 592], [605, 618], [609, 610], [612, 615], [618, 622]]}, "RailDualModalDataset.__len__": {"executed_lines": [629], "summary": {"covered_lines": 1, "num_statements": 1, "percent_covered": 100.0, "percent_covered_display": "100.00", "missing_lines": 0, "excluded_lines": 0, "percent_statements_covered": 100.0, "percent_statements_covered_display": "100.00", "num_branches": 0, "num_partial_branches": 0, "covered_branches": 0, "missing_branches": 0, "percent_branches_covered": 100.0, "percent_branches_covered_display": "100.00"}, "missing_lines": [], "excluded_lines": [], "start_line": 628, "executed_branches": [], "missing_branches": []}, "RailDualModalDataset.__getitem__": {"executed_lines": [633, 634, 636, 637, 646, 647, 649, 652, 654, 655, 656, 659, 661, 663], "summary": {"covered_lines": 14, "num_statements": 15, "percent_covered": 85.71428571428571, "percent_covered_display": "85.71", "missing_lines": 1, "excluded_lines": 0, "percent_statements_covered": 93.33333333333333, "percent_statements_covered_display": "93.33", "num_branches": 6, "num_partial_branches": 2, "covered_branches": 4, "missing_branches": 2, "percent_branches_covered": 66.66666666666667, "percent_branches_covered_display": "66.67"}, "missing_lines": [650], "excluded_lines": [], "start_line": 631, "executed_branches": [[647, 649], [647, 661], [649, 652], [654, 655]], "missing_branches": [[649, 650], [654, 656]]}, "": {"executed_lines": [32, 33, 35, 36, 37, 38, 39, 42, 65, 154, 200, 321, 413, 471, 472, 503, 517, 544, 581, 628, 631], "summary": {"covered_lines": 21, "num_statements": 21, "percent_covered": 100.0, "percent_covered_display": "100.00", "missing_lines": 0, "excluded_lines": 0, "percent_statements_covered": 100.0, "percent_statements_covered_display": "100.00", "num_branches": 0, "num_partial_branches": 0, "covered_branches": 0, "missing_branches": 0, "percent_branches_covered": 100.0, "percent_branches_covered_display": "100.00"}, "missing_lines": [], "excluded_lines": [], "start_line": 1, "executed_branches": [], "missing_branches": []}}, "classes": {"RailDualModalDataset": {"executed_lines": [84, 85, 86, 87, 88, 89, 90, 91, 92, 93, 94, 95, 96, 97, 98, 99, 105, 108, 109, 110, 111, 116, 119, 122, 123, 126, 127, 130, 131, 132, 133, 136, 137, 138, 141, 142, 163, 165, 168, 169, 171, 172, 202, 204, 206, 207, 208, 210, 211, 212, 217, 220, 222, 223, 224, 226, 229, 232, 233, 241, 250, 257, 261, 262, 265, 266, 268, 269, 291, 292, 293, 295, 296, 297, 299, 300, 301, 303, 304, 305, 307, 310, 319, 333, 334, 338, 339, 341, 343, 344, 347, 348, 350, 355, 356, 360, 361, 362, 363, 366, 369, 370, 371, 372, 375, 376, 378, 380, 382, 384, 415, 416, 417, 419, 420, 421, 424, 425, 426, 427, 430, 431, 432, 439, 440, 448, 449, 450, 451, 452, 453, 456, 457, 458, 459, 463, 464, 465, 467, 468, 469, 505, 507, 510, 511, 512, 515, 524, 525, 526, 531, 532, 533, 534, 539, 540, 542, 551, 552, 554, 555, 557, 560, 561, 566, 579, 587, 588, 590, 591, 595, 596, 599, 600, 601, 602, 604, 605, 606, 607, 608, 609, 612, 613, 618, 619, 622, 623, 629, 633, 634, 636, 637, 646, 647, 649, 652, 654, 655, 656, 659, 661, 663], "summary": {"covered_lines": 203, "num_statements": 306, "percent_covered": 63.63636363636363, "percent_covered_display": "63.64", "missing_lines": 103, "excluded_lines": 0, "percent_statements_covered": 66.33986928104575, "percent_statements_covered_display": "66.34", "num_branches": 134, "num_partial_branches": 31, "covered_branches": 77, "missing_branches": 57, "percent_branches_covered": 57.46268656716418, "percent_branches_covered_display": "57.46"}, "missing_lines": [175, 176, 177, 178, 179, 180, 181, 182, 183, 184, 185, 186, 187, 189, 190, 191, 192, 193, 195, 196, 197, 198, 213, 227, 234, 235, 236, 238, 239, 251, 258, 259, 270, 271, 272, 273, 275, 276, 278, 279, 281, 298, 308, 335, 351, 352, 353, 354, 373, 381, 388, 389, 391, 392, 393, 395, 396, 398, 399, 400, 401, 403, 404, 405, 406, 408, 409, 410, 454, 461, 474, 475, 476, 477, 480, 481, 482, 483, 486, 487, 488, 491, 492, 493, 495, 496, 497, 498, 508, 514, 527, 528, 536, 537, 556, 568, 569, 576, 592, 610, 611, 615, 650], "excluded_lines": [], "start_line": 42, "executed_branches": [[122, 123], [122, 126], [126, 127], [126, 130], [130, 131], [130, 136], [163, 165], [163, 168], [171, 172], [204, 206], [204, 257], [210, 211], [210, 212], [212, 217], [223, 224], [223, 250], [226, 229], [233, 241], [250, 319], [257, 261], [268, 269], [268, 291], [269, 291], [295, 296], [295, 319], [296, 297], [296, 319], [297, 299], [307, 310], [334, 338], [338, 339], [338, 341], [343, 344], [343, 366], [344, 347], [344, 360], [350, 355], [372, 375], [378, 380], [380, 382], [431, 432], [431, 439], [448, 449], [448, 463], [449, 450], [453, 456], [456, 457], [458, 459], [507, 510], [511, 512], [526, 531], [532, 533], [539, 540], [539, 542], [551, 552], [551, 554], [555, 557], [560, 561], [560, 566], [566, 579], [587, 588], [587, 590], [591, 595], [595, 596], [595, 599], [599, 600], [599, 609], [600, 601], [600, 604], [605, 606], [609, 612], [612, 613], [618, 619], [647, 649], [647, 661], [649, 652], [654, 655]], "missing_branches": [[171, 175], [178, 179], [178, 180], [181, 182], [181, 183], [185, 186], [185, 187], [192, 193], [192, 198], [212, 213], [226, 227], [233, 234], [235, 236], [235, 238], [250, 251], [257, 258], [269, 270], [270, 271], [270, 272], [278, 279], [278, 281], [297, 298], [307, 308], [334, 335], [350, 351], [372, 373], [378, 388], [380, 381], [396, 398], [396, 403], [404, 405], [404, 408], [408, -321], [408, 409], [449, 448], [453, 454], [456, 448], [458, 461], [481, 482], [481, 483], [487, 488], [487, 491], [492, 493], [492, 495], [507, 508], [511, 514], [526, 527], [532, 536], [555, 556], [566, 568], [591, 592], [605, 618], [609, 610], [612, 615], [618, 622], [649, 650], [654, 656]]}, "": {"executed_lines": [32, 33, 35, 36, 37, 38, 39, 42, 65, 154, 200, 321, 413, 471, 472, 503, 517, 544, 581, 628, 631], "summary": {"covered_lines": 21, "num_statements": 21, "percent_covered": 100.0, "percent_covered_display": "100.00", "missing_lines": 0, "excluded_lines": 0, "percent_statements_covered": 100.0, "percent_statements_covered_display": "100.00", "num_branches": 0, "num_partial_branches": 0, "covered_branches": 0, "missing_branches": 0, "percent_branches_covered": 100.0, "percent_branches_covered_display": "100.00"}, "missing_lines": [], "excluded_lines": [], "start_line": 1, "executed_branches": [], "missing_branches": []}}}, "SteelRailWay\\eval\\metrics_engineering.py": {"executed_lines": [7, 8, 10, 11, 12, 15, 17, 18, 19, 20, 23, 31, 32, 33, 34, 35, 36, 37, 39, 40, 41, 42, 44, 45, 48, 50, 51, 55, 59, 60, 61, 62, 63, 64, 65], "summary": {"covered_lines": 35, "num_statements": 38, "percent_covered": 88.0, "percent_covered_display": "88.00", "missing_lines": 3, "excluded_lines": 0, "percent_statements_covered": 92.10526315789474, "percent_statements_covered_display": "92.11", "num_branches": 12, "num_partial_branches": 3, "covered_branches": 9, "missing_branches": 3, "percent_branches_covered": 75.0, "percent_branches_covered_display": "75.00"}, "missing_lines": [38, 43, 52], "excluded_lines": [], "executed_branches": [[35, 36], [35, 37], [37, 39], [40, 41], [40, 42], [42, 44], [50, 51], [63, 64], [63, 65]], "missing_branches": [[37, 38], [42, 43], [50, 52]], "functions": {"count_trainable_params": {"executed_lines": [17, 18, 19, 20], "summary": {"covered_lines": 4, "num_statements": 4, "percent_covered": 100.0, "percent_covered_display": "100.00", "missing_lines": 0, "excluded_lines": 0, "percent_statements_covered": 100.0, "percent_statements_covered_display": "100.00", "num_branches": 0, "num_partial_branches": 0, "covered_branches": 0, "missing_branches": 0, "percent_branches_covered": 100.0, "percent_branches_covered_display": "100.00"}, "missing_lines": [], "excluded_lines": [], "start_line": 15, "executed_branches": [], "missing_branches": []}, "measure_inference_latency": {"executed_lines": [31, 32, 33, 34, 35, 36, 37, 39, 40, 41, 42, 44, 45], "summary": {"covered_lines": 13, "num_statements": 15, "percent_covered": 82.6086956521739, "percent_covered_display": "82.61", "missing_lines": 2, "excluded_lines": 0, "percent_statements_covered": 86.66666666666667, "percent_statements_covered_display": "86.67", "num_branches": 8, "num_partial_branches": 2, "covered_branches": 6, "missing_branches": 2, "percent_branches_covered": 75.0, "percent_branches_covered_display": "75.00"}, "missing_lines": [38, 43], "excluded_lines": [], "start_line": 23, "executed_branches": [[35, 36], [35, 37], [37, 39], [40, 41], [40, 42], [42, 44]], "missing_branches": [[37, 38], [42, 43]]}, "measure_peak_gpu_memory": {"executed_lines": [50, 51], "summary": {"covered_lines": 2, "num_statements": 3, "percent_covered": 60.0, "percent_covered_display": "60.00", "missing_lines": 1, "excluded_lines": 0, "percent_statements_covered": 66.66666666666667, "percent_statements_covered_display": "66.67", "num_branches": 2, "num_partial_branches": 1, "covered_branches": 1, "missing_branches": 1, "percent_branches_covered": 50.0, "percent_branches_covered_display": "50.00"}, "missing_lines": [52], "excluded_lines": [], "start_line": 48, "executed_branches": [[50, 51]], "missing_branches": [[50, 52]]}, "compute_fp_per_image": {"executed_lines": [59, 60, 61, 62, 63, 64, 65], "summary": {"covered_lines": 7, "num_statements": 7, "percent_covered": 100.0, "percent_covered_display": "100.00", "missing_lines": 0, "excluded_lines": 0, "percent_statements_covered": 100.0, "percent_statements_covered_display": "100.00", "num_branches": 2, "num_partial_branches": 0, "covered_branches": 2, "missing_branches": 0, "percent_branches_covered": 100.0, "percent_branches_covered_display": "100.00"}, "missing_lines": [], "excluded_lines": [], "start_line": 55, "executed_branches": [[63, 64], [63, 65]], "missing_branches": []}, "": {"executed_lines": [7, 8, 10, 11, 12, 15, 23, 48, 55], "summary": {"covered_lines": 9, "num_statements": 9, "percent_covered": 100.0, "percent_covered_display": "100.00", "missing_lines": 0, "excluded_lines": 0, "percent_statements_covered": 100.0, "percent_statements_covered_display": "100.00", "num_branches": 0, "num_partial_branches": 0, "covered_branches": 0, "missing_branches": 0, "percent_branches_covered": 100.0, "percent_branches_covered_display": "100.00"}, "missing_lines": [], "excluded_lines": [], "start_line": 1, "executed_branches": [], "missing_branches": []}}, "classes": {"": {"executed_lines": [7, 8, 10, 11, 12, 15, 17, 18, 19, 20, 23, 31, 32, 33, 34, 35, 36, 37, 39, 40, 41, 42, 44, 45, 48, 50, 51, 55, 59, 60, 61, 62, 63, 64, 65], "summary": {"covered_lines": 35, "num_statements": 38, "percent_covered": 88.0, "percent_covered_display": "88.00", "missing_lines": 3, "excluded_lines": 0, "percent_statements_covered": 92.10526315789474, "percent_statements_covered_display": "92.11", "num_branches": 12, "num_partial_branches": 3, "covered_branches": 9, "missing_branches": 3, "percent_branches_covered": 75.0, "percent_branches_covered_display": "75.00"}, "missing_lines": [38, 43, 52], "excluded_lines": [], "start_line": 1, "executed_branches": [[35, 36], [35, 37], [37, 39], [40, 41], [40, 42], [42, 44], [50, 51], [63, 64], [63, 65]], "missing_branches": [[37, 38], [42, 43], [50, 52]]}}}, "SteelRailWay\\utils\\losses.py": {"executed_lines": [21, 22, 25, 31, 32, 33, 34, 35, 37, 40, 46, 47, 48, 50, 53, 55, 58, 64, 65, 66, 67, 68, 69, 71, 74, 82, 83, 86, 90, 95, 97, 98, 102, 103, 104, 107, 110, 112, 115, 124, 125, 126, 127, 129, 130, 137, 138, 139, 140, 141, 142, 148, 151, 164, 166, 167, 168, 169, 170, 171, 172, 173, 176], "summary": {"covered_lines": 63, "num_statements": 70, "percent_covered": 89.77272727272727, "percent_covered_display": "89.77", "missing_lines": 7, "excluded_lines": 0, "percent_statements_covered": 90.0, "percent_statements_covered_display": "90.00", "num_branches": 18, "num_partial_branches": 0, "covered_branches": 16, "missing_branches": 2, "percent_branches_covered": 88.88888888888889, "percent_branches_covered_display": "88.89"}, "missing_lines": [153, 154, 155, 156, 157, 158, 161], "excluded_lines": [], "executed_branches": [[33, 34], [33, 37], [48, 50], [48, 55], [66, 67], [66, 71], [95, 97], [95, 112], [102, 103], [102, 107], [129, 130], [129, 137], [141, 142], [141, 148], [172, 173], [172, 176]], "missing_branches": [[157, 158], [157, 161]], "functions": {"loss_l2": {"executed_lines": [31, 32, 33, 34, 35, 37], "summary": {"covered_lines": 6, "num_statements": 6, "percent_covered": 100.0, "percent_covered_display": "100.00", "missing_lines": 0, "excluded_lines": 0, "percent_statements_covered": 100.0, "percent_statements_covered_display": "100.00", "num_branches": 2, "num_partial_branches": 0, "covered_branches": 2, "missing_branches": 0, "percent_branches_covered": 100.0, "percent_branches_covered_display": "100.00"}, "missing_lines": [], "excluded_lines": [], "start_line": 25, "executed_branches": [[33, 34], [33, 37]], "missing_branches": []}, "loss_distil": {"executed_lines": [46, 47, 48, 50, 53, 55], "summary": {"covered_lines": 6, "num_statements": 6, "percent_covered": 100.0, "percent_covered_display": "100.00", "missing_lines": 0, "excluded_lines": 0, "percent_statements_covered": 100.0, "percent_statements_covered_display": "100.00", "num_branches": 2, "num_partial_branches": 0, "covered_branches": 2, "missing_branches": 0, "percent_branches_covered": 100.0, "percent_branches_covered_display": "100.00"}, "missing_lines": [], "excluded_lines": [], "start_line": 40, "executed_branches": [[48, 50], [48, 55]], "missing_branches": []}, "loss_distil_p": {"executed_lines": [64, 65, 66, 67, 68, 69, 71], "summary": {"covered_lines": 7, "num_statements": 7, "percent_covered": 100.0, "percent_covered_display": "100.00", "missing_lines": 0, "excluded_lines": 0, "percent_statements_covered": 100.0, "percent_statements_covered_display": "100.00", "num_branches": 2, "num_partial_branches": 0, "covered_branches": 2, "missing_branches": 0, "percent_branches_covered": 100.0, "percent_branches_covered_display": "100.00"}, "missing_lines": [], "excluded_lines": [], "start_line": 58, "executed_branches": [[66, 67], [66, 71]], "missing_branches": []}, "loss_distil_pixel": {"executed_lines": [82, 83, 86, 90, 95, 97, 98, 102, 103, 104, 107, 110, 112], "summary": {"covered_lines": 13, "num_statements": 13, "percent_covered": 100.0, "percent_covered_display": "100.00", "missing_lines": 0, "excluded_lines": 0, "percent_statements_covered": 100.0, "percent_statements_covered_display": "100.00", "num_branches": 4, "num_partial_branches": 0, "covered_branches": 4, "missing_branches": 0, "percent_branches_covered": 100.0, "percent_branches_covered_display": "100.00"}, "missing_lines": [], "excluded_lines": [], "start_line": 74, "executed_branches": [[95, 97], [95, 112], [102, 103], [102, 107]], "missing_branches": []}, "calculate_pixel_similarity": {"executed_lines": [124, 125, 126, 127, 129, 130, 137, 138, 139, 140, 141, 142, 148], "summary": {"covered_lines": 13, "num_statements": 13, "percent_covered": 100.0, "percent_covered_display": "100.00", "missing_lines": 0, "excluded_lines": 0, "percent_statements_covered": 100.0, "percent_statements_covered_display": "100.00", "num_branches": 4, "num_partial_branches": 0, "covered_branches": 4, "missing_branches": 0, "percent_branches_covered": 100.0, "percent_branches_covered_display": "100.00"}, "missing_lines": [], "excluded_lines": [], "start_line": 115, "executed_branches": [[129, 130], [129, 137], [141, 142], [141, 148]], "missing_branches": []}, "calculate_pixel_similarity_f": {"executed_lines": [], "summary": {"covered_lines": 0, "num_statements": 7, "percent_covered": 0.0, "percent_covered_display": "0.00", "missing_lines": 7, "excluded_lines": 0, "percent_statements_covered": 0.0, "percent_statements_covered_display": "0.00", "num_branches": 2, "num_partial_branches": 0, "covered_branches": 0, "missing_branches": 2, "percent_branches_covered": 0.0, "percent_branches_covered_display": "0.00"}, "missing_lines": [153, 154, 155, 156, 157, 158, 161], "excluded_lines": [], "start_line": 151, "executed_branches": [], "missing_branches": [[157, 158], [157, 161]]}, "calculate_pixel_similarity_f_2": {"executed_lines": [166, 167, 168, 169, 170, 171, 172, 173, 176], "summary": {"covered_lines": 9, "num_statements": 9, "percent_covered": 100.0, "percent_covered_display": "100.00", "missing_lines": 0, "excluded_lines": 0, "percent_statements_covered": 100.0, "percent_statements_covered_display": "100.00", "num_branches": 2, "num_partial_branches": 0, "covered_branches": 2, "missing_branches": 0, "percent_branches_covered": 100.0, "percent_branches_covered_display": "100.00"}, "missing_lines": [], "excluded_lines": [], "start_line": 164, "executed_branches": [[172, 173], [172, 176]], "missing_branches": []}, "": {"executed_lines": [21, 22, 25, 40, 58, 74, 115, 151, 164], "summary": {"covered_lines": 9, "num_statements": 9, "percent_covered": 100.0, "percent_covered_display": "100.00", "missing_lines": 0, "excluded_lines": 0, "percent_statements_covered": 100.0, "percent_statements_covered_display": "100.00", "num_branches": 0, "num_partial_branches": 0, "covered_branches": 0, "missing_branches": 0, "percent_branches_covered": 100.0, "percent_branches_covered_display": "100.00"}, "missing_lines": [], "excluded_lines": [], "start_line": 1, "executed_branches": [], "missing_branches": []}}, "classes": {"": {"executed_lines": [21, 22, 25, 31, 32, 33, 34, 35, 37, 40, 46, 47, 48, 50, 53, 55, 58, 64, 65, 66, 67, 68, 69, 71, 74, 82, 83, 86, 90, 95, 97, 98, 102, 103, 104, 107, 110, 112, 115, 124, 125, 126, 127, 129, 130, 137, 138, 139, 140, 141, 142, 148, 151, 164, 166, 167, 168, 169, 170, 171, 172, 173, 176], "summary": {"covered_lines": 63, "num_statements": 70, "percent_covered": 89.77272727272727, "percent_covered_display": "89.77", "missing_lines": 7, "excluded_lines": 0, "percent_statements_covered": 90.0, "percent_statements_covered_display": "90.00", "num_branches": 18, "num_partial_branches": 0, "covered_branches": 16, "missing_branches": 2, "percent_branches_covered": 88.88888888888889, "percent_branches_covered_display": "88.89"}, "missing_lines": [153, 154, 155, 156, 157, 158, 161], "excluded_lines": [], "start_line": 1, "executed_branches": [[33, 34], [33, 37], [48, 50], [48, 55], [66, 67], [66, 71], [95, 97], [95, 112], [102, 103], [102, 107], [129, 130], [129, 137], [141, 142], [141, 148], [172, 173], [172, 176]], "missing_branches": [[157, 158], [157, 161]]}}}}, "totals": {"covered_lines": 322, "num_statements": 435, "percent_covered": 70.78464106844741, "percent_covered_display": "70.78", "missing_lines": 113, "excluded_lines": 0, "percent_statements_covered": 74.02298850574712, "percent_statements_covered_display": "74.02", "num_branches": 164, "num_partial_branches": 34, "covered_branches": 102, "missing_branches": 62, "percent_branches_covered": 62.19512195121951, "percent_branches_covered_display": "62.20"}}